0 info it worked if it ends with ok
1 verbose cli [ 'c:\\Program Files\\nodejs\\node.exe',
1 verbose cli   'c:\\Program Files\\nodejs\\node_modules\\npm\\bin\\npm-cli.js',
1 verbose cli   'install',
1 verbose cli   'unders-node',
1 verbose cli   '--save' ]
2 info using npm@1.4.28
3 info using node@v0.10.32
4 verbose readDependencies using package.json deps
5 verbose cache add [ 'unders-node', null ]
6 verbose cache add name=undefined spec="unders-node" args=["unders-node",null]
7 verbose parsed url { protocol: null,
7 verbose parsed url   slashes: null,
7 verbose parsed url   auth: null,
7 verbose parsed url   host: null,
7 verbose parsed url   port: null,
7 verbose parsed url   hostname: null,
7 verbose parsed url   hash: null,
7 verbose parsed url   search: null,
7 verbose parsed url   query: null,
7 verbose parsed url   pathname: 'unders-node',
7 verbose parsed url   path: 'unders-node',
7 verbose parsed url   href: 'unders-node' }
8 silly lockFile 9ea366f6-unders-node unders-node
9 verbose lock unders-node C:\Users\cdp73_000\AppData\Roaming\npm-cache\9ea366f6-unders-node.lock
10 silly lockFile 9ea366f6-unders-node unders-node
11 silly lockFile 9ea366f6-unders-node unders-node
12 verbose addNamed [ 'unders-node', '' ]
13 verbose addNamed [ null, '*' ]
14 silly lockFile 2fa8af41-unders-node unders-node@
15 verbose lock unders-node@ C:\Users\cdp73_000\AppData\Roaming\npm-cache\2fa8af41-unders-node.lock
16 silly addNameRange { name: 'unders-node', range: '*', hasData: false }
17 verbose request where is /unders-node
18 verbose request registry https://registry.npmjs.org/
19 verbose request id 30d662eedc909255
20 verbose url raw /unders-node
21 verbose url resolving [ 'https://registry.npmjs.org/', './unders-node' ]
22 verbose url resolved https://registry.npmjs.org/unders-node
23 verbose request where is https://registry.npmjs.org/unders-node
24 info trying registry request attempt 1 at 13:03:27
25 http GET https://registry.npmjs.org/unders-node
26 http 404 https://registry.npmjs.org/unders-node
27 verbose headers { date: 'Sat, 04 Oct 2014 18:03:26 GMT',
27 verbose headers   server: 'CouchDB/1.5.0 (Erlang OTP/R16B03)',
27 verbose headers   'content-type': 'application/json',
27 verbose headers   'cache-control': 'max-age=0',
27 verbose headers   'content-length': '52',
27 verbose headers   'accept-ranges': 'bytes',
27 verbose headers   via: '1.1 varnish',
27 verbose headers   age: '0',
27 verbose headers   'x-served-by': 'cache-ord1726-ORD',
27 verbose headers   'x-cache': 'MISS',
27 verbose headers   'x-cache-hits': '0',
27 verbose headers   'x-timer': 'S1412445805.986197,VS0,VE65',
27 verbose headers   'keep-alive': 'timeout=10, max=50',
27 verbose headers   connection: 'Keep-Alive' }
28 silly registry.get cb [ 404,
28 silly registry.get   { date: 'Sat, 04 Oct 2014 18:03:26 GMT',
28 silly registry.get     server: 'CouchDB/1.5.0 (Erlang OTP/R16B03)',
28 silly registry.get     'content-type': 'application/json',
28 silly registry.get     'cache-control': 'max-age=0',
28 silly registry.get     'content-length': '52',
28 silly registry.get     'accept-ranges': 'bytes',
28 silly registry.get     via: '1.1 varnish',
28 silly registry.get     age: '0',
28 silly registry.get     'x-served-by': 'cache-ord1726-ORD',
28 silly registry.get     'x-cache': 'MISS',
28 silly registry.get     'x-cache-hits': '0',
28 silly registry.get     'x-timer': 'S1412445805.986197,VS0,VE65',
28 silly registry.get     'keep-alive': 'timeout=10, max=50',
28 silly registry.get     connection: 'Keep-Alive' } ]
29 silly lockFile 2fa8af41-unders-node unders-node@
30 silly lockFile 2fa8af41-unders-node unders-node@
31 error 404 404 Not Found: unders-node
31 error 404
31 error 404 'unders-node' is not in the npm registry.
31 error 404 You should bug the author to publish it
31 error 404
31 error 404 Note that you can also install from a
31 error 404 tarball, folder, or http url, or git url.
32 error System Windows_NT 6.2.9200
33 error command "c:\\Program Files\\nodejs\\node.exe" "c:\\Program Files\\nodejs\\node_modules\\npm\\bin\\npm-cli.js" "install" "unders-node" "--save"
34 error cwd c:\Users\cdp73_000\Desktop\Node\gitmoar
35 error node -v v0.10.32
36 error npm -v 1.4.28
37 error code E404
38 verbose exit [ 1, true ]
